<?xml version="1.0" encoding="UTF-8" ?>
<testsuite tests="31" failures="0" name="AutomationTest.Test_Runner" time="0.018" errors="0" skipped="0">
  <properties>
[...]
</properties>
  <testcase classname="| http://www.google.com | BBC | Pink Floyd |" name="Given I want &quot;http://www.google.com&quot;" time="0"/>
  <testcase classname="| http://www.google.com | BBC | Pink Floyd |" name="Then Im &quot;BBC&quot; the site" time="0"/>
  <testcase classname="| http://www.google.com | BBC | Pink Floyd |" name="And Im select the BBC" time="0"/>
  <testcase classname="| http://www.google.com | BBC | Pink Floyd |" name="And Im again &quot;Pink Floyd&quot; the site" time="0"/>
  <testcase classname="| http://www.google.com | BBC | Pink Floyd |" name="Then Im select the first result, and get taken to the Pink Floyd page" time="0"/>
  <testcase classname="| http://www.google.com | BBC | Pink Floyd |" name="| http://www.google.com | BBC | Pink Floyd |" time="0.002"/>
  <testcase classname="| http://www.google.com | BBC | Pink Floyd |" name="Given I go to &quot;http://www.google.com&quot;" time="0"/>
  <testcase classname="| http://www.google.com | BBC | Pink Floyd |" name="Then I &quot;BBC&quot; the site" time="0"/>
  <testcase classname="| http://www.google.com | BBC | Pink Floyd |" name="And I select the BBC" time="0"/>
  <testcase classname="| http://www.google.com | BBC | Pink Floyd |" name="And I again &quot;Pink Floyd&quot; the site" time="0"/>
  <testcase classname="| http://www.google.com | BBC | Pink Floyd |" name="Then I select the first result, and get taken to the Pink Floyd page" time="0"/>
  <testcase classname="| http://www.google.com | BBC | Pink Floyd |" name="| http://www.google.com | BBC | Pink Floyd |" time="0"/>
  <testcase classname="| http://www.bbc.co.uk |" name="Given I want &quot;http://www.bbc.co.uk&quot;" time="0"/>
  <testcase classname="| http://www.bbc.co.uk |" name="| http://www.bbc.co.uk |" time="0.001"/>
  <testcase classname="| http://Paul.Buck@e2ebeta.yodel.net/pls/apex/f?p=106:1:7610393181530 |" name="Given I would like to go to &quot;http://Paul.Buck@e2ebeta.yodel.net/pls/apex/f?p=106:1:7610393181530&quot;" time="0"/>
  <testcase classname="| http://Paul.Buck@e2ebeta.yodel.net/pls/apex/f?p=106:1:7610393181530 |" name="When I select Where are my drivers" time="0"/>
  <testcase classname="| http://Paul.Buck@e2ebeta.yodel.net/pls/apex/f?p=106:1:7610393181530 |" name="And I select drivers" time="0"/>
  <testcase classname="| http://Paul.Buck@e2ebeta.yodel.net/pls/apex/f?p=106:1:7610393181530 |" name="Then I should see drivers" time="0"/>
  <testcase classname="| http://Paul.Buck@e2ebeta.yodel.net/pls/apex/f?p=106:1:7610393181530 |" name="| http://Paul.Buck@e2ebeta.yodel.net/pls/apex/f?p=106:1:7610393181530 |" time="0.015"/>
  <testcase classname="| https://www.yodel.co.uk/ | CH448BE |" name="Given I go to Yodel &quot;https://www.yodel.co.uk/&quot;" time="0"/>
  <testcase classname="| https://www.yodel.co.uk/ | CH448BE |" name="Then I Enter In a &quot;CH448BE&quot;" time="0"/>
  <testcase classname="| https://www.yodel.co.uk/ | CH448BE |" name="And I select Search" time="0"/>
  <testcase classname="| https://www.yodel.co.uk/ | CH448BE |" name="Then I should be given a validation prompt message" time="0"/>
  <testcase classname="| https://www.yodel.co.uk/ | CH448BE |" name="| https://www.yodel.co.uk/ | CH448BE |" time="0"/>
  <testcase classname="| http://Paul.Buck@e2ebeta.yodel.net/pls/apex/f?p=106:1:7610393181530 | CH448BE |" name="Given I want to connect to &quot;http://Paul.Buck@e2ebeta.yodel.net/pls/apex/f?p=106:1:7610393181530&quot;" time="0"/>
  <testcase classname="| http://Paul.Buck@e2ebeta.yodel.net/pls/apex/f?p=106:1:7610393181530 | CH448BE |" name="When I click on Parcel Enquiry" time="0"/>
  <testcase classname="| http://Paul.Buck@e2ebeta.yodel.net/pls/apex/f?p=106:1:7610393181530 | CH448BE |" name="And I click on option postcode" time="0"/>
  <testcase classname="| http://Paul.Buck@e2ebeta.yodel.net/pls/apex/f?p=106:1:7610393181530 | CH448BE |" name="And I enter my postcode &quot;CH448BE&quot;" time="0"/>
  <testcase classname="| http://Paul.Buck@e2ebeta.yodel.net/pls/apex/f?p=106:1:7610393181530 | CH448BE |" name="And I select parcel search" time="0"/>
  <testcase classname="| http://Paul.Buck@e2ebeta.yodel.net/pls/apex/f?p=106:1:7610393181530 | CH448BE |" name="Then I see a list of parcels" time="0"/>
  <testcase classname="| http://Paul.Buck@e2ebeta.yodel.net/pls/apex/f?p=106:1:7610393181530 | CH448BE |" name="| http://Paul.Buck@e2ebeta.yodel.net/pls/apex/f?p=106:1:7610393181530 | CH448BE |" time="0"/>
</testsuite>